<?xml version="1.0" encoding="UTF-8" ?>
<testsuite tests="1" failures="1" name="com.kaa.simplebuild.dataProviderJDBCTestNegative" time="0.817" errors="0" skipped="0">
  <properties>
[...]
</properties>
  <testcase classname="com.kaa.simplebuild.dataProviderJDBCTestNegative" name="TestCreateBuildingTemplate" time="0.817">
    <failure type="java.lang.AssertionError">java.lang.AssertionError
	at org.junit.Assert.fail(Assert.java:87)
	at org.junit.Assert.assertTrue(Assert.java:42)
	at org.junit.Assert.assertFalse(Assert.java:65)
	at org.junit.Assert.assertFalse(Assert.java:75)
	at com.kaa.simplebuild.dataProviderJDBCTestNegative.TestCreateBuildingTemplate(dataProviderJDBCTestNegative.java:237)
	at java.base/jdk.internal.reflect.NativeMethodAccessorImpl.invoke0(Native Method)
	at java.base/jdk.internal.reflect.NativeMethodAccessorImpl.invoke(NativeMethodAccessorImpl.java:62)
	at java.base/jdk.internal.reflect.DelegatingMethodAccessorImpl.invoke(DelegatingMethodAccessorImpl.java:43)
	at java.base/java.lang.reflect.Method.invoke(Method.java:564)
	at org.junit.runners.model.FrameworkMethod$1.runReflectiveCall(FrameworkMethod.java:59)
	at org.junit.internal.runners.model.ReflectiveCallable.run(ReflectiveCallable.java:12)
	at org.junit.runners.model.FrameworkMethod.invokeExplosively(FrameworkMethod.java:56)
	at org.junit.internal.runners.statements.InvokeMethod.evaluate(InvokeMethod.java:17)
	at org.junit.runners.ParentRunner$3.evaluate(ParentRunner.java:306)
	at org.junit.runners.BlockJUnit4ClassRunner$1.evaluate(BlockJUnit4ClassRunner.java:100)
	at org.junit.runners.ParentRunner.runLeaf(ParentRunner.java:366)
	at org.junit.runners.BlockJUnit4ClassRunner.runChild(BlockJUnit4ClassRunner.java:103)
	at org.junit.runners.BlockJUnit4ClassRunner.runChild(BlockJUnit4ClassRunner.java:63)
	at org.junit.runners.ParentRunner$4.run(ParentRunner.java:331)
	at org.junit.runners.ParentRunner$1.schedule(ParentRunner.java:79)
	at org.junit.runners.ParentRunner.runChildren(ParentRunner.java:329)
	at org.junit.runners.ParentRunner.access$100(ParentRunner.java:66)
	at org.junit.runners.ParentRunner$2.evaluate(ParentRunner.java:293)
	at org.junit.runners.ParentRunner$3.evaluate(ParentRunner.java:306)
	at org.junit.runners.ParentRunner.run(ParentRunner.java:413)
	at org.apache.maven.surefire.junit4.JUnit4Provider.execute(JUnit4Provider.java:242)
	at org.apache.maven.surefire.junit4.JUnit4Provider.executeTestSet(JUnit4Provider.java:137)
	at org.apache.maven.surefire.junit4.JUnit4Provider.invoke(JUnit4Provider.java:112)
	at java.base/jdk.internal.reflect.NativeMethodAccessorImpl.invoke0(Native Method)
	at java.base/jdk.internal.reflect.NativeMethodAccessorImpl.invoke(NativeMethodAccessorImpl.java:62)
	at java.base/jdk.internal.reflect.DelegatingMethodAccessorImpl.invoke(DelegatingMethodAccessorImpl.java:43)
	at java.base/java.lang.reflect.Method.invoke(Method.java:564)
	at org.apache.maven.surefire.util.ReflectionUtils.invokeMethodWithArray(ReflectionUtils.java:189)
	at org.apache.maven.surefire.booter.ProviderFactory$ProviderProxy.invoke(ProviderFactory.java:165)
	at org.apache.maven.surefire.booter.ProviderFactory.invokeProvider(ProviderFactory.java:85)
	at org.apache.maven.surefire.booter.ForkedBooter.runSuitesInProcess(ForkedBooter.java:115)
	at org.apache.maven.surefire.booter.ForkedBooter.main(ForkedBooter.java:75)
</failure>
    <system-out>21:11:59.352 [main] INFO  com.kaa.simplebuild.DataProviderJDBC - prep0: CREATE TABLE IF NOT EXISTS ROOFMATERIAL ( id long UNIQUE NOT NULL , name char(50) NOT NULL , price double NOT NULL , durabilityYears int NOT NULL )
21:11:59.356 [main] INFO  com.kaa.simplebuild.DataProviderJDBC - conn0: url=jdbc:h2:tcp://localhost/~/test user=ADMIN
21:11:59.357 [main] INFO  com.kaa.simplebuild.DataProviderJDBC - prep1: CREATE TABLE IF NOT EXISTS MAINPARTMATERIAL ( id long UNIQUE NOT NULL , name char(50) NOT NULL, price double NOT NULL, soundTransmission double NOT NULL )
21:11:59.357 [main] INFO  com.kaa.simplebuild.DataProviderJDBC - conn0: url=jdbc:h2:tcp://localhost/~/test user=ADMIN
21:11:59.357 [main] INFO  com.kaa.simplebuild.DataProviderJDBC - prep2: CREATE TABLE IF NOT EXISTS BASEMENTMATERIAL ( id long UNIQUE NOT NULL , name char(50) NOT NULL, price double NOT NULL, frostresistance int NOT NULL , waterproof int NOT NULL)
21:11:59.357 [main] INFO  com.kaa.simplebuild.DataProviderJDBC - conn0: url=jdbc:h2:tcp://localhost/~/test user=ADMIN
21:11:59.358 [main] INFO  com.kaa.simplebuild.DataProviderJDBC - prep3:  CREATE TABLE IF NOT EXISTS rooftemplate ( id long UNIQUE NOT NULL , name char(50) NOT NULL, pricemultiplier double NOT NULL, id_material long NOT NULL, insulation boolean NOT NULL, pipe boolean NOT NULL, FOREIGN KEY (id_material ) REFERENCES roofmaterial(id) ON DELETE SET NULL ON UPDATE CASCADE )
21:11:59.358 [main] INFO  com.kaa.simplebuild.DataProviderJDBC - conn0: url=jdbc:h2:tcp://localhost/~/test user=ADMIN
21:11:59.358 [main] INFO  com.kaa.simplebuild.DataProviderJDBC - prep4: CREATE TABLE IF NOT EXISTS mainparttemplate ( id long UNIQUE NOT NULL , name char(50) NOT NULL, pricemultiplier double NOT NULL, id_material long NOT NULL,  veranda boolean NOT NULL, windows int NOT NULL, FOREIGN KEY (id_material ) REFERENCES mainpartmaterial(id) ON DELETE SET NULL  ON UPDATE CASCADE )
21:11:59.359 [main] INFO  com.kaa.simplebuild.DataProviderJDBC - conn0: url=jdbc:h2:tcp://localhost/~/test user=ADMIN
21:11:59.359 [main] INFO  com.kaa.simplebuild.DataProviderJDBC - prep5: CREATE TABLE IF NOT EXISTS basementtemplate ( id long UNIQUE NOT NULL , name char(50) NOT NULL, pricemultiplier double NOT NULL, id_material long NOT NULL, cellar boolean NOT NULL, FOREIGN KEY (id_material ) REFERENCES basementmaterial(id) ON DELETE SET NULL ON UPDATE CASCADE )
21:11:59.359 [main] INFO  com.kaa.simplebuild.DataProviderJDBC - conn0: url=jdbc:h2:tcp://localhost/~/test user=ADMIN
21:11:59.359 [main] INFO  com.kaa.simplebuild.DataProviderJDBC - prep6: CREATE TABLE IF NOT EXISTS buildingtemplate ( id long NOT NULL, name char(50) NOT NULL, id_roof_template long NOT NULL, id_main_part_template long NOT NULL, id_basement_template long NOT NULL, FOREIGN KEY (id_roof_template ) REFERENCES rooftemplate(id) ON DELETE SET NULL ON UPDATE CASCADE , FOREIGN KEY (id_main_part_template ) REFERENCES mainparttemplate(id) ON DELETE SET NULL ON UPDATE CASCADE, FOREIGN KEY (id_basement_template ) REFERENCES basementtemplate(id) ON DELETE SET NULL ON UPDATE CASCADE )
21:11:59.360 [main] INFO  com.kaa.simplebuild.DataProviderJDBC - conn0: url=jdbc:h2:tcp://localhost/~/test user=ADMIN
</system-out>
    <system-err>log4j:WARN No appenders could be found for logger (org.mongodb.driver.cluster).
log4j:WARN Please initialize the log4j system properly.
log4j:WARN See http://logging.apache.org/log4j/1.2/faq.html#noconfig for more info.
</system-err>
  </testcase>
</testsuite>